<?xml version="1.0" encoding="UTF-8"?>
<!-- Generated by org.testng.reporters.JUnitReportReporter -->
<testsuite hostname="LT107976" name="pageTests.FlightBookingTest" tests="2" failures="0" timestamp="16 Sep 2020 14:34:01 GMT" time="42.266" errors="0">
  <testcase name="FlightBooking_TC001" time="22.889" classname="pageTests.FlightBookingTest"/>
  <testcase name="FlightBooking_TC002" time="19.377" classname="pageTests.FlightBookingTest"/>
</testsuite> <!-- pageTests.FlightBookingTest -->
